#-----------------------------------------------------------
# Vivado v2018.3 (64-bit)
# SW Build 2405991 on Thu Dec  6 23:38:27 MST 2018
# IP Build 2404404 on Fri Dec  7 01:43:56 MST 2018
# Start of session at: Mon Dec  9 10:03:29 2024
# Process ID: 7552
# Current directory: C:/Users/oatchula/Desktop/Newf/HW_Lab_Final
# Command line: vivado.exe -gui_launcher_event rodinguilauncherevent16416 C:\Users\oatchula\Desktop\Newf\HW_Lab_Final\project_2.xpr
# Log file: C:/Users/oatchula/Desktop/Newf/HW_Lab_Final/vivado.log
# Journal file: C:/Users/oatchula/Desktop/Newf/HW_Lab_Final\vivado.jou
#-----------------------------------------------------------
start_gui
open_project C:/Users/oatchula/Desktop/Newf/HW_Lab_Final/project_2.xpr
INFO: [Project 1-313] Project file moved from 'C:/CP/hwsynlab/termProject/HW_Lab_Final' since last save.
Scanning sources...
Finished scanning sources
WARNING: [filemgmt 56-2] IPUserFilesDir: Could not find the directory 'C:/Users/oatchula/Desktop/Documents/Year 3 Term 1/HW LAB/project_2/project_2.ip_user_files', nor could it be found using path 'C:/CP/hwsynlab/Documents/Year 3 Term 1/HW LAB/project_2/project_2.ip_user_files'.
INFO: [IP_Flow 19-234] Refreshing IP repositories
INFO: [IP_Flow 19-1704] No user IP repositories specified
INFO: [IP_Flow 19-2313] Loaded Vivado IP repository 'C:/Xillinx2/Vivado/2018.3/data/ip'.
open_project: Time (s): cpu = 00:00:06 ; elapsed = 00:00:05 . Memory (MB): peak = 765.660 ; gain = 119.551
update_compile_order -fileset sources_1
reset_run synth_1
launch_runs impl_1 -to_step write_bitstream -jobs 16
[Mon Dec  9 10:04:48 2024] Launched synth_1...
Run output will be captured here: C:/Users/oatchula/Desktop/Newf/HW_Lab_Final/project_2.runs/synth_1/runme.log
[Mon Dec  9 10:04:48 2024] Launched impl_1...
Run output will be captured here: C:/Users/oatchula/Desktop/Newf/HW_Lab_Final/project_2.runs/impl_1/runme.log
open_hw
connect_hw_server
INFO: [Labtools 27-2285] Connecting to hw_server url TCP:localhost:3121
ERROR: [Labtoolstcl 44-494] There is no active target available for server at localhost.
 Targets(s) ", jsn-Basys3-210183AA12E0A" may be locked by another hw_server.
open_hw_target {localhost:3121/xilinx_tcf/Digilent/210183AA12E0A}
INFO: [Labtoolstcl 44-466] Opening hw_target localhost:3121/xilinx_tcf/Digilent/210183AA12E0A
set_property PROGRAM.FILE {C:/Users/oatchula/Desktop/Newf/HW_Lab_Final/project_2.runs/impl_1/top2.bit} [get_hw_devices xc7a35t_0]
current_hw_device [get_hw_devices xc7a35t_0]
refresh_hw_device -update_hw_probes false [lindex [get_hw_devices xc7a35t_0] 0]
INFO: [Labtools 27-1435] Device xc7a35t (JTAG device index = 0) is not programmed (DONE status = 0).
set_property PROBES.FILE {} [get_hw_devices xc7a35t_0]
set_property FULL_PROBES.FILE {} [get_hw_devices xc7a35t_0]
set_property PROGRAM.FILE {C:/Users/oatchula/Desktop/Newf/HW_Lab_Final/project_2.runs/impl_1/top2.bit} [get_hw_devices xc7a35t_0]
program_hw_devices [get_hw_devices xc7a35t_0]
INFO: [Labtools 27-3164] End of startup status: HIGH
refresh_hw_device [lindex [get_hw_devices xc7a35t_0] 0]
INFO: [Labtools 27-1434] Device xc7a35t (JTAG device index = 0) is programmed with a design that has no supported debug core(s) in it.
close_hw
reset_run synth_1
launch_runs impl_1 -to_step write_bitstream -jobs 16
[Mon Dec  9 10:18:47 2024] Launched synth_1...
Run output will be captured here: C:/Users/oatchula/Desktop/Newf/HW_Lab_Final/project_2.runs/synth_1/runme.log
[Mon Dec  9 10:18:47 2024] Launched impl_1...
Run output will be captured here: C:/Users/oatchula/Desktop/Newf/HW_Lab_Final/project_2.runs/impl_1/runme.log
open_hw
connect_hw_server
INFO: [Labtools 27-2285] Connecting to hw_server url TCP:localhost:3121
open_hw_target
INFO: [Labtoolstcl 44-466] Opening hw_target localhost:3121/xilinx_tcf/Digilent/210183AA12E0A
set_property PROGRAM.FILE {C:/Users/oatchula/Desktop/Newf/HW_Lab_Final/project_2.runs/impl_1/top2.bit} [get_hw_devices xc7a35t_0]
current_hw_device [get_hw_devices xc7a35t_0]
refresh_hw_device -update_hw_probes false [lindex [get_hw_devices xc7a35t_0] 0]
INFO: [Labtools 27-1434] Device xc7a35t (JTAG device index = 0) is programmed with a design that has no supported debug core(s) in it.
set_property PROBES.FILE {} [get_hw_devices xc7a35t_0]
set_property FULL_PROBES.FILE {} [get_hw_devices xc7a35t_0]
set_property PROGRAM.FILE {C:/Users/oatchula/Desktop/Newf/HW_Lab_Final/project_2.runs/impl_1/top2.bit} [get_hw_devices xc7a35t_0]
program_hw_devices [get_hw_devices xc7a35t_0]
INFO: [Labtools 27-3164] End of startup status: HIGH
refresh_hw_device [lindex [get_hw_devices xc7a35t_0] 0]
INFO: [Labtools 27-1434] Device xc7a35t (JTAG device index = 0) is programmed with a design that has no supported debug core(s) in it.
set_property PROBES.FILE {} [get_hw_devices xc7a35t_0]
set_property FULL_PROBES.FILE {} [get_hw_devices xc7a35t_0]
set_property PROGRAM.FILE {C:/Users/oatchula/Desktop/Newf/HW_Lab_Final/project_2.runs/impl_1/top2.bit} [get_hw_devices xc7a35t_0]
program_hw_devices [get_hw_devices xc7a35t_0]
INFO: [Labtools 27-3164] End of startup status: HIGH
refresh_hw_device [lindex [get_hw_devices xc7a35t_0] 0]
INFO: [Labtools 27-1434] Device xc7a35t (JTAG device index = 0) is programmed with a design that has no supported debug core(s) in it.
reset_run synth_1
launch_runs impl_1 -to_step write_bitstream -jobs 16
[Mon Dec  9 10:37:24 2024] Launched synth_1...
Run output will be captured here: C:/Users/oatchula/Desktop/Newf/HW_Lab_Final/project_2.runs/synth_1/runme.log
[Mon Dec  9 10:37:24 2024] Launched impl_1...
Run output will be captured here: C:/Users/oatchula/Desktop/Newf/HW_Lab_Final/project_2.runs/impl_1/runme.log
set_property PROBES.FILE {} [get_hw_devices xc7a35t_0]
set_property FULL_PROBES.FILE {} [get_hw_devices xc7a35t_0]
set_property PROGRAM.FILE {C:/Users/oatchula/Desktop/Newf/HW_Lab_Final/project_2.runs/impl_1/top2.bit} [get_hw_devices xc7a35t_0]
program_hw_devices [get_hw_devices xc7a35t_0]
INFO: [Labtools 27-3164] End of startup status: HIGH
refresh_hw_device [lindex [get_hw_devices xc7a35t_0] 0]
INFO: [Labtools 27-1434] Device xc7a35t (JTAG device index = 0) is programmed with a design that has no supported debug core(s) in it.
ERROR: [Labtoolstcl 44-513] HW Target shutdown. Closing target: localhost:3121/xilinx_tcf/Digilent/210183AA12E0A
